<?xml version="1.0" encoding="UTF-8"?>
<!-- Generated by org.testng.reporters.JUnitXMLReporter -->
<testsuite ignored="0" hostname="Shadman-IT" failures="1" tests="8" name="BVT Test" time="85.483" errors="0" timestamp="2023-04-09T02:56:21 BDT">
  <testcase classname="testcase.MyFirstTestFW" name="LoginTest" time="4.736"/>
  <testcase classname="testcase.MyFirstTestFW" name="LoginTest" time="4.405"/>
  <testcase classname="testcase.MyFirstTestFW" name="LoginTest" time="4.404"/>
  <testcase classname="testcase.MyFirstTestFW" name="LoginTest" time="3.48"/>
  <testcase classname="testcase.MyFirstTestFW" name="LoginTest" time="3.644"/>
  <testcase classname="testcase.MyFirstTestFW" name="LoginTest" time="3.393"/>
  <testcase classname="testcase.MyFirstTestFW" name="LoginTest" time="3.757"/>
  <testcase classname="testcase.MyFirstTestFW" name="LoginTest" time="3.353">
    <failure type="org.openqa.selenium.ElementNotInteractableException" message="element not interactable
  (Session info: chrome=111.0.5563.147)
Build info: version: &amp;apos;4.8.3&amp;apos;, revision: &amp;apos;b19b418e60&amp;apos;
System info: os.name: &amp;apos;Windows 11&amp;apos;, os.arch: &amp;apos;amd64&amp;apos;, os.version: &amp;apos;10.0&amp;apos;, java.version: &amp;apos;17.0.4.1&amp;apos;
Driver info: org.openqa.selenium.chrome.ChromeDriver
Command: [f85f14ab47e717c7f022bc418882393b, sendKeysToElement {id=6c672ab0-d6e1-4ca3-8bfa-29b7d4f5cc8e, value=[Ljava.lang.CharSequence;@77d0dbba}]
Capabilities {acceptInsecureCerts: false, browserName: chrome, browserVersion: 111.0.5563.147, chrome: {chromedriverVersion: 111.0.5563.64 (c710e93d5b63..., userDataDir: C:\Users\shadman\AppData\Lo...}, goog:chromeOptions: {debuggerAddress: localhost:57157}, networkConnectionEnabled: false, pageLoadStrategy: normal, platformName: WINDOWS, proxy: Proxy(), se:cdp: ws://localhost:57157/devtoo..., se:cdpVersion: 111.0.5563.147, setWindowRect: true, strictFileInteractability: false, timeouts: {implicit: 0, pageLoad: 300000, script: 30000}, unhandledPromptBehavior: dismiss and notify, webauthn:extension:credBlob: true, webauthn:extension:largeBlob: true, webauthn:extension:minPinLength: true, webauthn:extension:prf: true, webauthn:virtualAuthenticators: true}
Element: [[ChromeDriver: chrome on WINDOWS (f85f14ab47e717c7f022bc418882393b)] -&amp;gt; xpath: //input[@id=&amp;apos;password&amp;apos;]]
Session ID: f85f14ab47e717c7f022bc418882393b">
      <![CDATA[org.openqa.selenium.ElementNotInteractableException: element not interactable
  (Session info: chrome=111.0.5563.147)
Build info: version: '4.8.3', revision: 'b19b418e60'
System info: os.name: 'Windows 11', os.arch: 'amd64', os.version: '10.0', java.version: '17.0.4.1'
Driver info: org.openqa.selenium.chrome.ChromeDriver
Command: [f85f14ab47e717c7f022bc418882393b, sendKeysToElement {id=6c672ab0-d6e1-4ca3-8bfa-29b7d4f5cc8e, value=[Ljava.lang.CharSequence;@77d0dbba}]
Capabilities {acceptInsecureCerts: false, browserName: chrome, browserVersion: 111.0.5563.147, chrome: {chromedriverVersion: 111.0.5563.64 (c710e93d5b63..., userDataDir: C:\Users\shadman\AppData\Lo...}, goog:chromeOptions: {debuggerAddress: localhost:57157}, networkConnectionEnabled: false, pageLoadStrategy: normal, platformName: WINDOWS, proxy: Proxy(), se:cdp: ws://localhost:57157/devtoo..., se:cdpVersion: 111.0.5563.147, setWindowRect: true, strictFileInteractability: false, timeouts: {implicit: 0, pageLoad: 300000, script: 30000}, unhandledPromptBehavior: dismiss and notify, webauthn:extension:credBlob: true, webauthn:extension:largeBlob: true, webauthn:extension:minPinLength: true, webauthn:extension:prf: true, webauthn:virtualAuthenticators: true}
Element: [[ChromeDriver: chrome on WINDOWS (f85f14ab47e717c7f022bc418882393b)] -> xpath: //input[@id='password']]
Session ID: f85f14ab47e717c7f022bc418882393b
at org.openqa.selenium.remote.codec.w3c.W3CHttpResponseCodec.createException(W3CHttpResponseCodec.java:200)
at org.openqa.selenium.remote.codec.w3c.W3CHttpResponseCodec.decode(W3CHttpResponseCodec.java:133)
at org.openqa.selenium.remote.codec.w3c.W3CHttpResponseCodec.decode(W3CHttpResponseCodec.java:53)
at org.openqa.selenium.remote.HttpCommandExecutor.execute(HttpCommandExecutor.java:193)
at org.openqa.selenium.remote.service.DriverCommandExecutor.invokeExecute(DriverCommandExecutor.java:183)
at org.openqa.selenium.remote.service.DriverCommandExecutor.execute(DriverCommandExecutor.java:158)
at org.openqa.selenium.remote.RemoteWebDriver.execute(RemoteWebDriver.java:543)
at org.openqa.selenium.remote.RemoteWebElement.execute(RemoteWebElement.java:257)
at org.openqa.selenium.remote.RemoteWebElement.sendKeys(RemoteWebElement.java:113)
at testcase.MyFirstTestFW.LoginTest(MyFirstTestFW.java:25)
at java.base/java.util.ArrayList.forEach(ArrayList.java:1511)
... Removed 32 stack frames]]>
    </failure>
  </testcase> <!-- LoginTest -->
</testsuite> <!-- BVT Test -->
